1689909549.147160 client started (123427): version 3.3a, socket /tmp/tmux-1000/default, protocol 8
1689909549.147172 on Linux 6.4.4-arch1-1 #1 SMP PREEMPT_DYNAMIC Wed, 19 Jul 2023 19:19:38 +0000
1689909549.147173 using libevent 2.1.12-stable (poll); ncurses 6.4
1689909549.147179 flags are 0x18000000
1689909549.147183 socket is /tmp/tmux-1000/default
1689909549.147188 trying connect
1689909549.147192 connect failed: Connection refused
1689909549.147195 lock file is /tmp/tmux-1000/default.lock
1689909549.147200 flock succeeded
1689909549.147201 got lock (6)
1689909549.147202 trying connect
1689909549.147204 connect failed: Connection refused
1689909549.147321 add peer 0x55582bbefb50: 7 ((nil))
1689909549.147470 sending message 100 to peer 0x55582bbefb50 (4 bytes)
1689909549.147473 sending message 111 to peer 0x55582bbefb50 (8 bytes)
1689909549.147474 sending message 101 to peer 0x55582bbefb50 (15 bytes)
1689909549.147475 sending message 109 to peer 0x55582bbefb50 (4 bytes)
1689909549.147476 sending message 102 to peer 0x55582bbefb50 (11 bytes)
1689909549.147477 sending message 108 to peer 0x55582bbefb50 (26 bytes)
1689909549.147478 sending message 112 to peer 0x55582bbefb50 (58 bytes)
1689909549.147479 sending message 112 to peer 0x55582bbefb50 (5 bytes)
1689909549.147480 sending message 112 to peer 0x55582bbefb50 (5 bytes)
1689909549.147481 sending message 112 to peer 0x55582bbefb50 (6 bytes)
1689909549.147482 sending message 112 to peer 0x55582bbefb50 (6 bytes)
1689909549.147483 sending message 112 to peer 0x55582bbefb50 (11 bytes)
1689909549.147484 sending message 112 to peer 0x55582bbefb50 (10 bytes)
1689909549.147485 sending message 112 to peer 0x55582bbefb50 (13 bytes)
1689909549.147486 sending message 112 to peer 0x55582bbefb50 (14 bytes)
1689909549.147486 sending message 112 to peer 0x55582bbefb50 (19 bytes)
1689909549.147487 sending message 112 to peer 0x55582bbefb50 (11 bytes)
1689909549.147488 sending message 112 to peer 0x55582bbefb50 (10 bytes)
1689909549.147489 sending message 112 to peer 0x55582bbefb50 (15 bytes)
1689909549.147490 sending message 112 to peer 0x55582bbefb50 (21 bytes)
1689909549.147491 sending message 112 to peer 0x55582bbefb50 (13 bytes)
1689909549.147492 sending message 112 to peer 0x55582bbefb50 (7 bytes)
1689909549.147493 sending message 112 to peer 0x55582bbefb50 (13 bytes)
1689909549.147494 sending message 112 to peer 0x55582bbefb50 (7 bytes)
1689909549.147495 sending message 112 to peer 0x55582bbefb50 (13 bytes)
1689909549.147496 sending message 112 to peer 0x55582bbefb50 (9 bytes)
1689909549.147497 sending message 112 to peer 0x55582bbefb50 (21 bytes)
1689909549.147498 sending message 112 to peer 0x55582bbefb50 (13 bytes)
1689909549.147498 sending message 112 to peer 0x55582bbefb50 (9 bytes)
1689909549.147499 sending message 112 to peer 0x55582bbefb50 (16 bytes)
1689909549.147500 sending message 112 to peer 0x55582bbefb50 (13 bytes)
1689909549.147501 sending message 112 to peer 0x55582bbefb50 (9 bytes)
1689909549.147502 sending message 112 to peer 0x55582bbefb50 (9 bytes)
1689909549.147507 sending message 112 to peer 0x55582bbefb50 (12 bytes)
1689909549.147508 sending message 112 to peer 0x55582bbefb50 (8 bytes)
1689909549.147509 sending message 112 to peer 0x55582bbefb50 (8 bytes)
1689909549.147510 sending message 112 to peer 0x55582bbefb50 (13 bytes)
1689909549.147511 sending message 112 to peer 0x55582bbefb50 (7 bytes)
1689909549.147512 sending message 112 to peer 0x55582bbefb50 (7 bytes)
1689909549.147513 sending message 112 to peer 0x55582bbefb50 (9 bytes)
1689909549.147513 sending message 112 to peer 0x55582bbefb50 (9 bytes)
1689909549.147514 sending message 112 to peer 0x55582bbefb50 (15 bytes)
1689909549.147515 sending message 112 to peer 0x55582bbefb50 (13 bytes)
1689909549.147516 sending message 112 to peer 0x55582bbefb50 (12 bytes)
1689909549.147517 sending message 112 to peer 0x55582bbefb50 (8 bytes)
1689909549.147518 sending message 112 to peer 0x55582bbefb50 (14 bytes)
1689909549.147519 sending message 112 to peer 0x55582bbefb50 (11 bytes)
1689909549.147520 sending message 112 to peer 0x55582bbefb50 (9 bytes)
1689909549.147524 sending message 112 to peer 0x55582bbefb50 (10 bytes)
1689909549.147525 sending message 112 to peer 0x55582bbefb50 (10 bytes)
1689909549.147526 sending message 112 to peer 0x55582bbefb50 (10 bytes)
1689909549.147526 sending message 112 to peer 0x55582bbefb50 (10 bytes)
1689909549.147527 sending message 112 to peer 0x55582bbefb50 (11 bytes)
1689909549.147528 sending message 112 to peer 0x55582bbefb50 (12 bytes)
1689909549.147529 sending message 112 to peer 0x55582bbefb50 (12 bytes)
1689909549.147530 sending message 112 to peer 0x55582bbefb50 (12 bytes)
1689909549.147531 sending message 112 to peer 0x55582bbefb50 (12 bytes)
1689909549.147532 sending message 112 to peer 0x55582bbefb50 (12 bytes)
1689909549.147533 sending message 112 to peer 0x55582bbefb50 (11 bytes)
1689909549.147534 sending message 112 to peer 0x55582bbefb50 (11 bytes)
1689909549.147535 sending message 112 to peer 0x55582bbefb50 (12 bytes)
1689909549.147536 sending message 112 to peer 0x55582bbefb50 (12 bytes)
1689909549.147536 sending message 112 to peer 0x55582bbefb50 (12 bytes)
1689909549.147537 sending message 112 to peer 0x55582bbefb50 (12 bytes)
1689909549.147538 sending message 112 to peer 0x55582bbefb50 (12 bytes)
1689909549.147539 sending message 112 to peer 0x55582bbefb50 (9 bytes)
1689909549.147540 sending message 112 to peer 0x55582bbefb50 (12 bytes)
1689909549.147541 sending message 112 to peer 0x55582bbefb50 (13 bytes)
1689909549.147542 sending message 112 to peer 0x55582bbefb50 (13 bytes)
1689909549.147543 sending message 112 to peer 0x55582bbefb50 (13 bytes)
1689909549.147544 sending message 112 to peer 0x55582bbefb50 (13 bytes)
1689909549.147545 sending message 112 to peer 0x55582bbefb50 (13 bytes)
1689909549.147546 sending message 112 to peer 0x55582bbefb50 (8 bytes)
1689909549.147546 sending message 112 to peer 0x55582bbefb50 (11 bytes)
1689909549.147547 sending message 112 to peer 0x55582bbefb50 (11 bytes)
1689909549.147548 sending message 112 to peer 0x55582bbefb50 (11 bytes)
1689909549.147549 sending message 112 to peer 0x55582bbefb50 (12 bytes)
1689909549.147550 sending message 112 to peer 0x55582bbefb50 (12 bytes)
1689909549.147551 sending message 112 to peer 0x55582bbefb50 (12 bytes)
1689909549.147552 sending message 112 to peer 0x55582bbefb50 (12 bytes)
1689909549.147553 sending message 112 to peer 0x55582bbefb50 (13 bytes)
1689909549.147554 sending message 112 to peer 0x55582bbefb50 (13 bytes)
1689909549.147554 sending message 112 to peer 0x55582bbefb50 (13 bytes)
1689909549.147555 sending message 112 to peer 0x55582bbefb50 (8 bytes)
1689909549.147556 sending message 112 to peer 0x55582bbefb50 (13 bytes)
1689909549.147557 sending message 112 to peer 0x55582bbefb50 (13 bytes)
1689909549.147558 sending message 112 to peer 0x55582bbefb50 (13 bytes)
1689909549.147559 sending message 112 to peer 0x55582bbefb50 (13 bytes)
1689909549.147560 sending message 112 to peer 0x55582bbefb50 (13 bytes)
1689909549.147561 sending message 112 to peer 0x55582bbefb50 (12 bytes)
1689909549.147562 sending message 112 to peer 0x55582bbefb50 (12 bytes)
1689909549.147563 sending message 112 to peer 0x55582bbefb50 (12 bytes)
1689909549.147564 sending message 112 to peer 0x55582bbefb50 (12 bytes)
1689909549.147565 sending message 112 to peer 0x55582bbefb50 (13 bytes)
1689909549.147566 sending message 112 to peer 0x55582bbefb50 (8 bytes)
1689909549.147567 sending message 112 to peer 0x55582bbefb50 (13 bytes)
1689909549.147568 sending message 112 to peer 0x55582bbefb50 (13 bytes)
1689909549.147569 sending message 112 to peer 0x55582bbefb50 (13 bytes)
1689909549.147570 sending message 112 to peer 0x55582bbefb50 (13 bytes)
1689909549.147571 sending message 112 to peer 0x55582bbefb50 (13 bytes)
1689909549.147572 sending message 112 to peer 0x55582bbefb50 (13 bytes)
1689909549.147572 sending message 112 to peer 0x55582bbefb50 (13 bytes)
1689909549.147573 sending message 112 to peer 0x55582bbefb50 (12 bytes)
1689909549.147574 sending message 112 to peer 0x55582bbefb50 (12 bytes)
1689909549.147575 sending message 112 to peer 0x55582bbefb50 (12 bytes)
1689909549.147577 sending message 112 to peer 0x55582bbefb50 (8 bytes)
1689909549.147578 sending message 112 to peer 0x55582bbefb50 (12 bytes)
1689909549.147579 sending message 112 to peer 0x55582bbefb50 (13 bytes)
1689909549.147580 sending message 112 to peer 0x55582bbefb50 (13 bytes)
1689909549.147581 sending message 112 to peer 0x55582bbefb50 (13 bytes)
1689909549.147582 sending message 112 to peer 0x55582bbefb50 (13 bytes)
1689909549.147583 sending message 112 to peer 0x55582bbefb50 (13 bytes)
1689909549.147584 sending message 112 to peer 0x55582bbefb50 (13 bytes)
1689909549.147585 sending message 112 to peer 0x55582bbefb50 (13 bytes)
1689909549.147586 sending message 112 to peer 0x55582bbefb50 (13 bytes)
1689909549.147587 sending message 112 to peer 0x55582bbefb50 (12 bytes)
1689909549.147588 sending message 112 to peer 0x55582bbefb50 (10 bytes)
1689909549.147588 sending message 112 to peer 0x55582bbefb50 (12 bytes)
1689909549.147589 sending message 112 to peer 0x55582bbefb50 (12 bytes)
1689909549.147590 sending message 112 to peer 0x55582bbefb50 (12 bytes)
1689909549.147591 sending message 112 to peer 0x55582bbefb50 (13 bytes)
1689909549.147592 sending message 112 to peer 0x55582bbefb50 (13 bytes)
1689909549.147593 sending message 112 to peer 0x55582bbefb50 (13 bytes)
1689909549.147594 sending message 112 to peer 0x55582bbefb50 (13 bytes)
1689909549.147595 sending message 112 to peer 0x55582bbefb50 (13 bytes)
1689909549.147596 sending message 112 to peer 0x55582bbefb50 (13 bytes)
1689909549.147597 sending message 112 to peer 0x55582bbefb50 (13 bytes)
1689909549.147598 sending message 112 to peer 0x55582bbefb50 (10 bytes)
1689909549.147599 sending message 112 to peer 0x55582bbefb50 (13 bytes)
1689909549.147600 sending message 112 to peer 0x55582bbefb50 (12 bytes)
1689909549.147600 sending message 112 to peer 0x55582bbefb50 (12 bytes)
1689909549.147601 sending message 112 to peer 0x55582bbefb50 (12 bytes)
1689909549.147602 sending message 112 to peer 0x55582bbefb50 (10 bytes)
1689909549.147603 sending message 112 to peer 0x55582bbefb50 (10 bytes)
1689909549.147604 sending message 112 to peer 0x55582bbefb50 (10 bytes)
1689909549.147605 sending message 112 to peer 0x55582bbefb50 (12 bytes)
1689909549.147606 sending message 112 to peer 0x55582bbefb50 (13 bytes)
1689909549.147607 sending message 112 to peer 0x55582bbefb50 (13 bytes)
1689909549.147608 sending message 112 to peer 0x55582bbefb50 (13 bytes)
1689909549.147609 sending message 112 to peer 0x55582bbefb50 (13 bytes)
1689909549.147610 sending message 112 to peer 0x55582bbefb50 (13 bytes)
1689909549.147611 sending message 112 to peer 0x55582bbefb50 (10 bytes)
1689909549.147612 sending message 112 to peer 0x55582bbefb50 (11 bytes)
1689909549.147613 sending message 112 to peer 0x55582bbefb50 (12 bytes)
1689909549.147614 sending message 112 to peer 0x55582bbefb50 (12 bytes)
1689909549.147615 sending message 112 to peer 0x55582bbefb50 (12 bytes)
1689909549.147616 sending message 112 to peer 0x55582bbefb50 (12 bytes)
1689909549.147616 sending message 112 to peer 0x55582bbefb50 (12 bytes)
1689909549.147617 sending message 112 to peer 0x55582bbefb50 (11 bytes)
1689909549.147618 sending message 112 to peer 0x55582bbefb50 (12 bytes)
1689909549.147619 sending message 112 to peer 0x55582bbefb50 (12 bytes)
1689909549.147620 sending message 112 to peer 0x55582bbefb50 (13 bytes)
1689909549.147621 sending message 112 to peer 0x55582bbefb50 (13 bytes)
1689909549.147622 sending message 112 to peer 0x55582bbefb50 (13 bytes)
1689909549.147623 sending message 112 to peer 0x55582bbefb50 (13 bytes)
1689909549.147624 sending message 112 to peer 0x55582bbefb50 (13 bytes)
1689909549.147625 sending message 112 to peer 0x55582bbefb50 (10 bytes)
1689909549.147626 sending message 112 to peer 0x55582bbefb50 (9 bytes)
1689909549.147627 sending message 112 to peer 0x55582bbefb50 (12 bytes)
1689909549.147628 sending message 112 to peer 0x55582bbefb50 (13 bytes)
1689909549.147629 sending message 112 to peer 0x55582bbefb50 (13 bytes)
1689909549.147630 sending message 112 to peer 0x55582bbefb50 (13 bytes)
1689909549.147633 sending message 112 to peer 0x55582bbefb50 (13 bytes)
1689909549.147634 sending message 112 to peer 0x55582bbefb50 (13 bytes)
1689909549.147635 sending message 112 to peer 0x55582bbefb50 (9 bytes)
1689909549.147635 sending message 112 to peer 0x55582bbefb50 (12 bytes)
1689909549.147636 sending message 112 to peer 0x55582bbefb50 (13 bytes)
1689909549.147637 sending message 112 to peer 0x55582bbefb50 (13 bytes)
1689909549.147638 sending message 112 to peer 0x55582bbefb50 (13 bytes)
1689909549.147639 sending message 112 to peer 0x55582bbefb50 (13 bytes)
1689909549.147640 sending message 112 to peer 0x55582bbefb50 (13 bytes)
1689909549.147641 sending message 112 to peer 0x55582bbefb50 (11 bytes)
1689909549.147642 sending message 112 to peer 0x55582bbefb50 (12 bytes)
1689909549.147643 sending message 112 to peer 0x55582bbefb50 (13 bytes)
1689909549.147644 sending message 112 to peer 0x55582bbefb50 (13 bytes)
1689909549.147644 sending message 112 to peer 0x55582bbefb50 (13 bytes)
1689909549.147645 sending message 112 to peer 0x55582bbefb50 (13 bytes)
1689909549.147646 sending message 112 to peer 0x55582bbefb50 (13 bytes)
1689909549.147647 sending message 112 to peer 0x55582bbefb50 (11 bytes)
1689909549.147648 sending message 112 to peer 0x55582bbefb50 (12 bytes)
1689909549.147649 sending message 112 to peer 0x55582bbefb50 (12 bytes)
1689909549.147650 sending message 112 to peer 0x55582bbefb50 (12 bytes)
1689909549.147651 sending message 112 to peer 0x55582bbefb50 (12 bytes)
1689909549.147652 sending message 112 to peer 0x55582bbefb50 (12 bytes)
1689909549.147653 sending message 112 to peer 0x55582bbefb50 (21 bytes)
1689909549.147654 sending message 112 to peer 0x55582bbefb50 (12 bytes)
1689909549.147655 sending message 112 to peer 0x55582bbefb50 (9 bytes)
1689909549.147656 sending message 112 to peer 0x55582bbefb50 (6 bytes)
1689909549.147657 sending message 112 to peer 0x55582bbefb50 (13 bytes)
1689909549.147658 sending message 112 to peer 0x55582bbefb50 (10 bytes)
1689909549.147659 sending message 112 to peer 0x55582bbefb50 (24 bytes)
1689909549.147660 sending message 112 to peer 0x55582bbefb50 (13 bytes)
1689909549.147660 sending message 112 to peer 0x55582bbefb50 (9 bytes)
1689909549.147662 sending message 112 to peer 0x55582bbefb50 (70 bytes)
1689909549.147662 sending message 112 to peer 0x55582bbefb50 (69 bytes)
1689909549.147664 sending message 112 to peer 0x55582bbefb50 (12 bytes)
1689909549.147664 sending message 112 to peer 0x55582bbefb50 (10 bytes)
1689909549.147665 sending message 112 to peer 0x55582bbefb50 (10 bytes)
1689909549.147666 sending message 112 to peer 0x55582bbefb50 (24 bytes)
1689909549.147667 sending message 112 to peer 0x55582bbefb50 (13 bytes)
1689909549.147668 sending message 112 to peer 0x55582bbefb50 (10 bytes)
1689909549.147669 sending message 112 to peer 0x55582bbefb50 (10 bytes)
1689909549.147670 sending message 112 to peer 0x55582bbefb50 (10 bytes)
1689909549.147671 sending message 112 to peer 0x55582bbefb50 (13 bytes)
1689909549.147672 sending message 112 to peer 0x55582bbefb50 (15 bytes)
1689909549.147673 sending message 112 to peer 0x55582bbefb50 (5 bytes)
1689909549.147674 sending message 104 to peer 0x55582bbefb50 (0 bytes)
1689909549.147675 sending message 110 to peer 0x55582bbefb50 (0 bytes)
1689909549.147676 sending message 107 to peer 0x55582bbefb50 (4 bytes)
1689909549.147677 sending message 105 to peer 0x55582bbefb50 (40 bytes)
1689909549.147678 sending message 105 to peer 0x55582bbefb50 (57 bytes)
1689909549.147679 sending message 105 to peer 0x55582bbefb50 (29 bytes)
1689909549.147680 sending message 105 to peer 0x55582bbefb50 (20 bytes)
1689909549.147681 sending message 105 to peer 0x55582bbefb50 (54 bytes)
1689909549.147682 sending message 105 to peer 0x55582bbefb50 (50 bytes)
1689909549.147683 sending message 105 to peer 0x55582bbefb50 (19 bytes)
1689909549.147684 sending message 105 to peer 0x55582bbefb50 (11 bytes)
1689909549.147685 sending message 105 to peer 0x55582bbefb50 (14 bytes)
1689909549.147686 sending message 105 to peer 0x55582bbefb50 (20 bytes)
1689909549.147689 sending message 105 to peer 0x55582bbefb50 (32 bytes)
1689909549.147690 sending message 105 to peer 0x55582bbefb50 (18 bytes)
1689909549.147691 sending message 105 to peer 0x55582bbefb50 (43 bytes)
1689909549.147692 sending message 105 to peer 0x55582bbefb50 (7 bytes)
1689909549.147693 sending message 105 to peer 0x55582bbefb50 (15 bytes)
1689909549.147694 sending message 105 to peer 0x55582bbefb50 (28 bytes)
1689909549.147695 sending message 105 to peer 0x55582bbefb50 (15 bytes)
1689909549.147696 sending message 105 to peer 0x55582bbefb50 (109 bytes)
1689909549.147697 sending message 105 to peer 0x55582bbefb50 (30 bytes)
1689909549.147698 sending message 105 to peer 0x55582bbefb50 (19 bytes)
1689909549.147699 sending message 105 to peer 0x55582bbefb50 (15 bytes)
1689909549.147700 sending message 105 to peer 0x55582bbefb50 (8 bytes)
1689909549.147701 sending message 105 to peer 0x55582bbefb50 (20 bytes)
1689909549.147702 sending message 105 to peer 0x55582bbefb50 (12 bytes)
1689909549.147703 sending message 105 to peer 0x55582bbefb50 (18 bytes)
1689909549.147704 sending message 105 to peer 0x55582bbefb50 (36 bytes)
1689909549.147705 sending message 105 to peer 0x55582bbefb50 (23 bytes)
1689909549.147707 sending message 105 to peer 0x55582bbefb50 (50 bytes)
1689909549.147708 sending message 105 to peer 0x55582bbefb50 (31 bytes)
1689909549.147709 sending message 105 to peer 0x55582bbefb50 (15 bytes)
1689909549.147710 sending message 105 to peer 0x55582bbefb50 (52 bytes)
1689909549.147711 sending message 105 to peer 0x55582bbefb50 (23 bytes)
1689909549.147712 sending message 105 to peer 0x55582bbefb50 (23 bytes)
1689909549.147713 sending message 105 to peer 0x55582bbefb50 (17 bytes)
1689909549.147714 sending message 105 to peer 0x55582bbefb50 (58 bytes)
1689909549.147715 sending message 105 to peer 0x55582bbefb50 (21 bytes)
1689909549.147716 sending message 105 to peer 0x55582bbefb50 (11 bytes)
1689909549.147717 sending message 105 to peer 0x55582bbefb50 (21 bytes)
1689909549.147718 sending message 105 to peer 0x55582bbefb50 (16 bytes)
1689909549.147719 sending message 105 to peer 0x55582bbefb50 (20 bytes)
1689909549.147720 sending message 106 to peer 0x55582bbefb50 (0 bytes)
1689909549.147737 sending message 200 to peer 0x55582bbefb50 (4 bytes)
1689909549.147738 client loop enter
1689909549.147743 client_signal: Child exited
1689909549.167904 peer 0x55582bbefb50 message 207
1689909549.167910 sending message 208 to peer 0x55582bbefb50 (0 bytes)
1689909553.911686 peer 0x55582bbefb50 message 203
1689909553.911724 sending message 205 to peer 0x55582bbefb50 (0 bytes)
1689909553.912433 peer 0x55582bbefb50 message 204
1689909553.912464 client loop exit
