[?1049h[22;0;0t[?1h=[H[2J[?12l[?25h[?1000l[?1002l[?1003l[?1006l[?1005l(B[m[?12l[?25h[?1006l[?1000l[?1002l[?1003l[?2004l[1;1H[1;74r[>c[>q[1;1H[?25l[K
[K
[K
[K
[K
[K
[K
[K
[K
[K
[K
[K
[K
[K
[K
[K
[K
[K
[K
[K
[K
[K
[K
[K
[K
[K
[K
[K
[K
[K
[K
[K
[K
[K
[K
[K
[K
[K
[K
[K
[K
[K
[K
[K
[K
[K
[K
[K
[K
[K
[K
[K
[K
[K
[K
[K
[K
[K
[K
[K
[K
[K
[K
[K
[K
[K
[K
[K
[K
[K
[K
[K
[K[30m[42m
[0] 0:zsh*                                                                                                      "monarch" 12:19 21-Jul-23(B[m[?12l[?25h[1;1H[?7727h(B[m[?12l[?25h[?1006l[?1000l[?1002l[?1003l[?2004l[1;1H[1;74r[1;1H[?25l[K
[K
[K
[K
[K
[K
[K
[K
[K
[K
[K
[K
[K
[K
[K
[K
[K
[K
[K
[K
[K
[K
[K
[K
[K
[K
[K
[K
[K
[K
[K
[K
[K
[K
[K
[K
[K
[K
[K
[K
[K
[K
[K
[K
[K
[K
[K
[K
[K
[K
[K
[K
[K
[K
[K
[K
[K
[K
[K
[K
[K
[K
[K
[K
[K
[K
[K
[K
[K
[K
[K
[K
[K[30m[42m
[0] 0:zsh*                                                                                                      "monarch" 12:19 21-Jul-23(B[m[?12l[?25h[1;1H                                                                                                                                         [1;1H[1;73r[1;1H[2;73r[72S[1;1H[K[32mkyoshi@monarch[39m: [34m~/.config/tmux[39m $ [K[1;74r[1;34H[?2004h
[?2004l                                                                                                                                         [2;1H[1;73r[1;1H[3;73r[71S[2;1H[K[32mkyoshi@monarch[39m: [34m~/.config/tmux[39m $ [K[1;74r[2;34H[?2004h
                                                                                                                                         [3;1H[?2004l[1;73r[1;1H[4;73r[70S[3;1H[K[32mkyoshi@monarch[39m: [34m~/.config/tmux[39m $ [K[1;74r[3;34H[?2004h
[?2004l                                                                                                                                         [4;1H[1;73r[1;1H[5;73r[69S[4;1H[K[32mkyoshi@monarch[39m: [34m~/.config/tmux[39m $ [K[1;74r[4;34H[?2004h[7mawk 'BEGIN{
    s="/\\/\\/\\/\\/\\"; s=s s s s s s s s;(B[m[K
[7m    for (colnum = 0; colnum<77; colnum++) {(B[m[K
[7m        r = 255-(colnum*255/76);(B[m[K
[7m        g = (colnum*510/76);(B[m[K
[7m        b = (colnum*255/76);(B[m[K
[7m        if (g>255) g = 510-g;(B[m[K
[7m        printf "\033[48;2;%d;%d;%dm", r,g,b;(B[m[K
[7m        printf "\033[38;2;%d;%d;%dm", 255-r,255-g,255-b;(B[m[K
[7m        printf "%s\033[0m", substr(s,colnum+1,1);(B[m[K
[7m    }(B[m[K
[7m    printf "\n";(B[m[K
[7m}'(B[m[K[4;54Hawk 'BEGIN{
    s="/\\/\\/\\/\\/\\"; s=s s s s s s s s;
    for (colnum = 0; colnum<77; colnum++) {
        r = 255-(colnum*255/76);
        g = (colnum*510/76);
        b = (colnum*255/76);
        if (g>255) g = 510-g;
        printf "\033[48;2;%d;%d;%dm", r,g,b;
        printf "\033[38;2;%d;%d;%dm", 255-r,255-g,255-b;
        printf "%s\033[0m", substr(s,colnum+1,1);
    }
    printf "\n";
}'
[?2004l[38;5;51m[48;5;196m/\/[38;5;45m\/\[38;5;44m[48;5;160m/\[48;5;166m/[38;5;38m\/\/\/[38;5;68m[48;5;167m\/\[38;5;67m[48;5;137m/\/[38;5;61m\/\[48;5;143m/\/\/\[38;5;60m[48;5;113m/[38;5;54m\/\/[38;5;90m[48;5;114m\[48;5;120m/\/\/[48;5;114m\[38;5;89m[48;5;78m/\/\[38;5;95m/[38;5;131m[48;5;73m\/\/\/[48;5;67m\/\[38;5;137m/\/[38;5;173m[48;5;62m\/\[38;5;178m[48;5;26m/\/\/\[38;5;184m/[48;5;20m\/[38;5;220m[48;5;21m\/\[38;5;226m/\/
[39m[49m                                                                                                                                         [18;1H[1;73r[1;1H[19;73r[55S[18;1H[K[32mkyoshi@monarch[39m: [34m~/.config/tmux[39m $ [K[1;74r[18;34H[?2004heexit
[?2004l